2020-09-30 08:21:03.496  INFO 9912 --- [main] com.yrp.BlogApplicationTests             : Starting BlogApplicationTests on yellowhao with PID 9912 (started by Administrator in D:\logback\blog)
2020-09-30 08:21:03.496  INFO 9912 --- [main] com.yrp.BlogApplicationTests             : The following profiles are active: pro
2020-09-30 08:21:05.114  WARN 9912 --- [main] o.s.w.c.s.GenericWebApplicationContext   : Exception encountered during context initialization - cancelling refresh attempt: org.springframework.beans.factory.BeanCreationException: Error creating bean with name 'entityManagerFactory' defined in class path resource [org/springframework/boot/autoconfigure/orm/jpa/HibernateJpaAutoConfiguration.class]: Invocation of init method failed; nested exception is java.lang.NoClassDefFoundError: javax/xml/bind/JAXBException
2020-09-30 08:21:05.127 ERROR 9912 --- [main] o.s.boot.SpringApplication               : Application startup failed

org.springframework.beans.factory.BeanCreationException: Error creating bean with name 'entityManagerFactory' defined in class path resource [org/springframework/boot/autoconfigure/orm/jpa/HibernateJpaAutoConfiguration.class]: Invocation of init method failed; nested exception is java.lang.NoClassDefFoundError: javax/xml/bind/JAXBException
	at org.springframework.beans.factory.support.AbstractAutowireCapableBeanFactory.initializeBean(AbstractAutowireCapableBeanFactory.java:1628)
	at org.springframework.beans.factory.support.AbstractAutowireCapableBeanFactory.doCreateBean(AbstractAutowireCapableBeanFactory.java:555)
	at org.springframework.beans.factory.support.AbstractAutowireCapableBeanFactory.createBean(AbstractAutowireCapableBeanFactory.java:483)
	at org.springframework.beans.factory.support.AbstractBeanFactory$1.getObject(AbstractBeanFactory.java:306)
	at org.springframework.beans.factory.support.DefaultSingletonBeanRegistry.getSingleton(DefaultSingletonBeanRegistry.java:230)
	at org.springframework.beans.factory.support.AbstractBeanFactory.doGetBean(AbstractBeanFactory.java:302)
	at org.springframework.beans.factory.support.AbstractBeanFactory.getBean(AbstractBeanFactory.java:197)
	at org.springframework.context.support.AbstractApplicationContext.getBean(AbstractApplicationContext.java:1078)
	at org.springframework.context.support.AbstractApplicationContext.finishBeanFactoryInitialization(AbstractApplicationContext.java:857)
	at org.springframework.context.support.AbstractApplicationContext.refresh(AbstractApplicationContext.java:543)
	at org.springframework.boot.SpringApplication.refresh(SpringApplication.java:693)
	at org.springframework.boot.SpringApplication.refreshContext(SpringApplication.java:360)
	at org.springframework.boot.SpringApplication.run(SpringApplication.java:303)
	at org.springframework.boot.test.context.SpringBootContextLoader.loadContext(SpringBootContextLoader.java:120)
	at org.springframework.test.context.cache.DefaultCacheAwareContextLoaderDelegate.loadContextInternal(DefaultCacheAwareContextLoaderDelegate.java:98)
	at org.springframework.test.context.cache.DefaultCacheAwareContextLoaderDelegate.loadContext(DefaultCacheAwareContextLoaderDelegate.java:116)
	at org.springframework.test.context.support.DefaultTestContext.getApplicationContext(DefaultTestContext.java:83)
	at org.springframework.test.context.web.ServletTestExecutionListener.setUpRequestContextIfNecessary(ServletTestExecutionListener.java:189)
	at org.springframework.test.context.web.ServletTestExecutionListener.prepareTestInstance(ServletTestExecutionListener.java:131)
	at org.springframework.test.context.TestContextManager.prepareTestInstance(TestContextManager.java:230)
	at org.springframework.test.context.junit4.SpringJUnit4ClassRunner.createTest(SpringJUnit4ClassRunner.java:228)
	at org.springframework.test.context.junit4.SpringJUnit4ClassRunner$1.runReflectiveCall(SpringJUnit4ClassRunner.java:287)
	at org.junit.internal.runners.model.ReflectiveCallable.run(ReflectiveCallable.java:12)
	at org.springframework.test.context.junit4.SpringJUnit4ClassRunner.methodBlock(SpringJUnit4ClassRunner.java:289)
	at org.springframework.test.context.junit4.SpringJUnit4ClassRunner.runChild(SpringJUnit4ClassRunner.java:247)
	at org.springframework.test.context.junit4.SpringJUnit4ClassRunner.runChild(SpringJUnit4ClassRunner.java:94)
	at org.junit.runners.ParentRunner$3.run(ParentRunner.java:290)
	at org.junit.runners.ParentRunner$1.schedule(ParentRunner.java:71)
	at org.junit.runners.ParentRunner.runChildren(ParentRunner.java:288)
	at org.junit.runners.ParentRunner.access$000(ParentRunner.java:58)
	at org.junit.runners.ParentRunner$2.evaluate(ParentRunner.java:268)
	at org.springframework.test.context.junit4.statements.RunBeforeTestClassCallbacks.evaluate(RunBeforeTestClassCallbacks.java:61)
	at org.springframework.test.context.junit4.statements.RunAfterTestClassCallbacks.evaluate(RunAfterTestClassCallbacks.java:70)
	at org.junit.runners.ParentRunner.run(ParentRunner.java:363)
	at org.springframework.test.context.junit4.SpringJUnit4ClassRunner.run(SpringJUnit4ClassRunner.java:191)
	at org.apache.maven.surefire.junit4.JUnit4Provider.execute(JUnit4Provider.java:283)
	at org.apache.maven.surefire.junit4.JUnit4Provider.executeWithRerun(JUnit4Provider.java:173)
	at org.apache.maven.surefire.junit4.JUnit4Provider.executeTestSet(JUnit4Provider.java:153)
	at org.apache.maven.surefire.junit4.JUnit4Provider.invoke(JUnit4Provider.java:128)
	at org.apache.maven.surefire.booter.ForkedBooter.invokeProviderInSameClassLoader(ForkedBooter.java:203)
	at org.apache.maven.surefire.booter.ForkedBooter.runSuitesInProcess(ForkedBooter.java:155)
	at org.apache.maven.surefire.booter.ForkedBooter.main(ForkedBooter.java:103)
Caused by: java.lang.NoClassDefFoundError: javax/xml/bind/JAXBException
	at org.hibernate.boot.spi.XmlMappingBinderAccess.<init>(XmlMappingBinderAccess.java:43)
	at org.hibernate.boot.MetadataSources.<init>(MetadataSources.java:87)
	at org.hibernate.jpa.boot.internal.EntityManagerFactoryBuilderImpl.<init>(EntityManagerFactoryBuilderImpl.java:179)
	at org.hibernate.jpa.boot.internal.EntityManagerFactoryBuilderImpl.<init>(EntityManagerFactoryBuilderImpl.java:149)
	at org.springframework.orm.jpa.vendor.SpringHibernateJpaPersistenceProvider.createContainerEntityManagerFactory(SpringHibernateJpaPersistenceProvider.java:54)
	at org.springframework.orm.jpa.LocalContainerEntityManagerFactoryBean.createNativeEntityManagerFactory(LocalContainerEntityManagerFactoryBean.java:353)
	at org.springframework.orm.jpa.AbstractEntityManagerFactoryBean.buildNativeEntityManagerFactory(AbstractEntityManagerFactoryBean.java:370)
	at org.springframework.orm.jpa.AbstractEntityManagerFactoryBean.afterPropertiesSet(AbstractEntityManagerFactoryBean.java:359)
	at org.springframework.beans.factory.support.AbstractAutowireCapableBeanFactory.invokeInitMethods(AbstractAutowireCapableBeanFactory.java:1687)
	at org.springframework.beans.factory.support.AbstractAutowireCapableBeanFactory.initializeBean(AbstractAutowireCapableBeanFactory.java:1624)
	... 41 common frames omitted
Caused by: java.lang.ClassNotFoundException: javax.xml.bind.JAXBException
	at java.base/jdk.internal.loader.BuiltinClassLoader.loadClass(BuiltinClassLoader.java:602)
	at java.base/jdk.internal.loader.ClassLoaders$AppClassLoader.loadClass(ClassLoaders.java:178)
	at java.base/java.lang.ClassLoader.loadClass(ClassLoader.java:522)
	... 51 common frames omitted

2020-09-30 08:21:05.128 ERROR 9912 --- [main] o.s.test.context.TestContextManager      : Caught exception while allowing TestExecutionListener [org.springframework.test.context.web.ServletTestExecutionListener@63475ace] to prepare test instance [com.yrp.BlogApplicationTests@7caf1e5]

java.lang.IllegalStateException: Failed to load ApplicationContext
	at org.springframework.test.context.cache.DefaultCacheAwareContextLoaderDelegate.loadContext(DefaultCacheAwareContextLoaderDelegate.java:124)
	at org.springframework.test.context.support.DefaultTestContext.getApplicationContext(DefaultTestContext.java:83)
	at org.springframework.test.context.web.ServletTestExecutionListener.setUpRequestContextIfNecessary(ServletTestExecutionListener.java:189)
	at org.springframework.test.context.web.ServletTestExecutionListener.prepareTestInstance(ServletTestExecutionListener.java:131)
	at org.springframework.test.context.TestContextManager.prepareTestInstance(TestContextManager.java:230)
	at org.springframework.test.context.junit4.SpringJUnit4ClassRunner.createTest(SpringJUnit4ClassRunner.java:228)
	at org.springframework.test.context.junit4.SpringJUnit4ClassRunner$1.runReflectiveCall(SpringJUnit4ClassRunner.java:287)
	at org.junit.internal.runners.model.ReflectiveCallable.run(ReflectiveCallable.java:12)
	at org.springframework.test.context.junit4.SpringJUnit4ClassRunner.methodBlock(SpringJUnit4ClassRunner.java:289)
	at org.springframework.test.context.junit4.SpringJUnit4ClassRunner.runChild(SpringJUnit4ClassRunner.java:247)
	at org.springframework.test.context.junit4.SpringJUnit4ClassRunner.runChild(SpringJUnit4ClassRunner.java:94)
	at org.junit.runners.ParentRunner$3.run(ParentRunner.java:290)
	at org.junit.runners.ParentRunner$1.schedule(ParentRunner.java:71)
	at org.junit.runners.ParentRunner.runChildren(ParentRunner.java:288)
	at org.junit.runners.ParentRunner.access$000(ParentRunner.java:58)
	at org.junit.runners.ParentRunner$2.evaluate(ParentRunner.java:268)
	at org.springframework.test.context.junit4.statements.RunBeforeTestClassCallbacks.evaluate(RunBeforeTestClassCallbacks.java:61)
	at org.springframework.test.context.junit4.statements.RunAfterTestClassCallbacks.evaluate(RunAfterTestClassCallbacks.java:70)
	at org.junit.runners.ParentRunner.run(ParentRunner.java:363)
	at org.springframework.test.context.junit4.SpringJUnit4ClassRunner.run(SpringJUnit4ClassRunner.java:191)
	at org.apache.maven.surefire.junit4.JUnit4Provider.execute(JUnit4Provider.java:283)
	at org.apache.maven.surefire.junit4.JUnit4Provider.executeWithRerun(JUnit4Provider.java:173)
	at org.apache.maven.surefire.junit4.JUnit4Provider.executeTestSet(JUnit4Provider.java:153)
	at org.apache.maven.surefire.junit4.JUnit4Provider.invoke(JUnit4Provider.java:128)
	at org.apache.maven.surefire.booter.ForkedBooter.invokeProviderInSameClassLoader(ForkedBooter.java:203)
	at org.apache.maven.surefire.booter.ForkedBooter.runSuitesInProcess(ForkedBooter.java:155)
	at org.apache.maven.surefire.booter.ForkedBooter.main(ForkedBooter.java:103)
Caused by: org.springframework.beans.factory.BeanCreationException: Error creating bean with name 'entityManagerFactory' defined in class path resource [org/springframework/boot/autoconfigure/orm/jpa/HibernateJpaAutoConfiguration.class]: Invocation of init method failed; nested exception is java.lang.NoClassDefFoundError: javax/xml/bind/JAXBException
	at org.springframework.beans.factory.support.AbstractAutowireCapableBeanFactory.initializeBean(AbstractAutowireCapableBeanFactory.java:1628)
	at org.springframework.beans.factory.support.AbstractAutowireCapableBeanFactory.doCreateBean(AbstractAutowireCapableBeanFactory.java:555)
	at org.springframework.beans.factory.support.AbstractAutowireCapableBeanFactory.createBean(AbstractAutowireCapableBeanFactory.java:483)
	at org.springframework.beans.factory.support.AbstractBeanFactory$1.getObject(AbstractBeanFactory.java:306)
	at org.springframework.beans.factory.support.DefaultSingletonBeanRegistry.getSingleton(DefaultSingletonBeanRegistry.java:230)
	at org.springframework.beans.factory.support.AbstractBeanFactory.doGetBean(AbstractBeanFactory.java:302)
	at org.springframework.beans.factory.support.AbstractBeanFactory.getBean(AbstractBeanFactory.java:197)
	at org.springframework.context.support.AbstractApplicationContext.getBean(AbstractApplicationContext.java:1078)
	at org.springframework.context.support.AbstractApplicationContext.finishBeanFactoryInitialization(AbstractApplicationContext.java:857)
	at org.springframework.context.support.AbstractApplicationContext.refresh(AbstractApplicationContext.java:543)
	at org.springframework.boot.SpringApplication.refresh(SpringApplication.java:693)
	at org.springframework.boot.SpringApplication.refreshContext(SpringApplication.java:360)
	at org.springframework.boot.SpringApplication.run(SpringApplication.java:303)
	at org.springframework.boot.test.context.SpringBootContextLoader.loadContext(SpringBootContextLoader.java:120)
	at org.springframework.test.context.cache.DefaultCacheAwareContextLoaderDelegate.loadContextInternal(DefaultCacheAwareContextLoaderDelegate.java:98)
	at org.springframework.test.context.cache.DefaultCacheAwareContextLoaderDelegate.loadContext(DefaultCacheAwareContextLoaderDelegate.java:116)
	... 26 common frames omitted
Caused by: java.lang.NoClassDefFoundError: javax/xml/bind/JAXBException
	at org.hibernate.boot.spi.XmlMappingBinderAccess.<init>(XmlMappingBinderAccess.java:43)
	at org.hibernate.boot.MetadataSources.<init>(MetadataSources.java:87)
	at org.hibernate.jpa.boot.internal.EntityManagerFactoryBuilderImpl.<init>(EntityManagerFactoryBuilderImpl.java:179)
	at org.hibernate.jpa.boot.internal.EntityManagerFactoryBuilderImpl.<init>(EntityManagerFactoryBuilderImpl.java:149)
	at org.springframework.orm.jpa.vendor.SpringHibernateJpaPersistenceProvider.createContainerEntityManagerFactory(SpringHibernateJpaPersistenceProvider.java:54)
	at org.springframework.orm.jpa.LocalContainerEntityManagerFactoryBean.createNativeEntityManagerFactory(LocalContainerEntityManagerFactoryBean.java:353)
	at org.springframework.orm.jpa.AbstractEntityManagerFactoryBean.buildNativeEntityManagerFactory(AbstractEntityManagerFactoryBean.java:370)
	at org.springframework.orm.jpa.AbstractEntityManagerFactoryBean.afterPropertiesSet(AbstractEntityManagerFactoryBean.java:359)
	at org.springframework.beans.factory.support.AbstractAutowireCapableBeanFactory.invokeInitMethods(AbstractAutowireCapableBeanFactory.java:1687)
	at org.springframework.beans.factory.support.AbstractAutowireCapableBeanFactory.initializeBean(AbstractAutowireCapableBeanFactory.java:1624)
	... 41 common frames omitted
Caused by: java.lang.ClassNotFoundException: javax.xml.bind.JAXBException
	at java.base/jdk.internal.loader.BuiltinClassLoader.loadClass(BuiltinClassLoader.java:602)
	at java.base/jdk.internal.loader.ClassLoaders$AppClassLoader.loadClass(ClassLoaders.java:178)
	at java.base/java.lang.ClassLoader.loadClass(ClassLoader.java:522)
	... 51 common frames omitted

2020-09-30 08:21:32.527  INFO 11408 --- [main] com.yrp.BlogApplication                  : Starting BlogApplication on yellowhao with PID 11408 (D:\logback\blog\target\classes started by Administrator in D:\logback\blog)
2020-09-30 08:21:32.528  INFO 11408 --- [main] com.yrp.BlogApplication                  : The following profiles are active: pro
2020-09-30 08:21:35.307  INFO 11408 --- [main] com.yrp.BlogApplication                  : Started BlogApplication in 3.043 seconds (JVM running for 3.398)
2020-09-30 08:21:57.620  INFO 11408 --- [http-nio-80-exec-1] com.yrp.aspect.LogAspect                 : Request : RequestLog{url='http://localhost/', ip='0:0:0:0:0:0:0:1', classMethod='com.yrp.controller.IndexController.index', args=[{}, Page request [number: 0, size 8, sort: updateTime: DESC]]}
2020-09-30 08:21:57.669  WARN 11408 --- [http-nio-80-exec-1] org.hibernate.orm.deprecation            : HHH90000016: Found use of deprecated 'collection property' syntax in HQL/JPQL query [null.size]; use collection function syntax instead [size(null)].
2020-09-30 08:21:57.676  WARN 11408 --- [http-nio-80-exec-1] org.hibernate.orm.deprecation            : HHH90000016: Found use of deprecated 'collection property' syntax in HQL/JPQL query [null.size]; use collection function syntax instead [size(null)].
2020-09-30 08:21:57.680  INFO 11408 --- [http-nio-80-exec-1] com.yrp.aspect.LogAspect                 : 控制器方法名称Result : index
2020-09-30 08:21:58.237  INFO 11408 --- [http-nio-80-exec-8] com.yrp.aspect.LogAspect                 : Request : RequestLog{url='http://localhost/footer/newblog', ip='0:0:0:0:0:0:0:1', classMethod='com.yrp.controller.IndexController.newblos', args=[{}]}
2020-09-30 08:21:58.243  INFO 11408 --- [http-nio-80-exec-8] com.yrp.aspect.LogAspect                 : 控制器方法名称Result : _fragments :: newblogList
2020-09-30 08:22:12.222  INFO 11408 --- [http-nio-80-exec-7] com.yrp.aspect.LogAspect                 : Request : RequestLog{url='http://localhost/about', ip='0:0:0:0:0:0:0:1', classMethod='com.yrp.controller.AboutShowController.about', args=[]}
2020-09-30 08:22:12.224  INFO 11408 --- [http-nio-80-exec-7] com.yrp.aspect.LogAspect                 : 控制器方法名称Result : about
2020-09-30 08:22:12.369  INFO 11408 --- [http-nio-80-exec-2] com.yrp.aspect.LogAspect                 : Request : RequestLog{url='http://localhost/footer/newblog', ip='0:0:0:0:0:0:0:1', classMethod='com.yrp.controller.IndexController.newblos', args=[{}]}
2020-09-30 08:22:12.374  INFO 11408 --- [http-nio-80-exec-2] com.yrp.aspect.LogAspect                 : 控制器方法名称Result : _fragments :: newblogList
2020-09-30 08:22:14.167  INFO 11408 --- [http-nio-80-exec-6] com.yrp.aspect.LogAspect                 : Request : RequestLog{url='http://localhost/', ip='0:0:0:0:0:0:0:1', classMethod='com.yrp.controller.IndexController.index', args=[{}, Page request [number: 0, size 8, sort: updateTime: DESC]]}
2020-09-30 08:22:14.175  INFO 11408 --- [http-nio-80-exec-6] com.yrp.aspect.LogAspect                 : 控制器方法名称Result : index
2020-09-30 08:22:14.329  INFO 11408 --- [http-nio-80-exec-10] com.yrp.aspect.LogAspect                 : Request : RequestLog{url='http://localhost/footer/newblog', ip='0:0:0:0:0:0:0:1', classMethod='com.yrp.controller.IndexController.newblos', args=[{}]}
2020-09-30 08:22:14.333  INFO 11408 --- [http-nio-80-exec-10] com.yrp.aspect.LogAspect                 : 控制器方法名称Result : _fragments :: newblogList
2020-09-30 08:26:06.938  INFO 12436 --- [main] com.yrp.BlogApplicationTests             : Starting BlogApplicationTests on yellowhao with PID 12436 (started by Administrator in D:\logback\blog)
2020-09-30 08:26:06.939  INFO 12436 --- [main] com.yrp.BlogApplicationTests             : The following profiles are active: pro
2020-09-30 08:26:11.631  INFO 12436 --- [main] com.yrp.BlogApplicationTests             : Started BlogApplicationTests in 4.997 seconds (JVM running for 5.428)
2020-09-30 08:44:52.515  INFO 12604 --- [main] com.yrp.BlogApplicationTests             : Starting BlogApplicationTests on yellowhao with PID 12604 (started by Administrator in D:\logback\blog)
2020-09-30 08:44:52.515  INFO 12604 --- [main] com.yrp.BlogApplicationTests             : The following profiles are active: pro
2020-09-30 08:44:56.201  INFO 12604 --- [main] com.yrp.BlogApplicationTests             : Started BlogApplicationTests in 3.993 seconds (JVM running for 4.433)
2020-09-30 09:09:24.585  INFO 14044 --- [main] com.yrp.BlogApplication                  : Starting BlogApplication on yellowhao with PID 14044 (D:\logback\blog\target\classes started by Administrator in D:\logback\blog)
2020-09-30 09:09:24.587  INFO 14044 --- [main] com.yrp.BlogApplication                  : The following profiles are active: pro
2020-09-30 09:09:27.385  INFO 14044 --- [main] com.yrp.BlogApplication                  : Started BlogApplication in 3.027 seconds (JVM running for 3.689)
2020-09-30 09:09:36.853  INFO 14044 --- [http-nio-80-exec-1] com.yrp.aspect.LogAspect                 : Request : RequestLog{url='http://localhost/', ip='0:0:0:0:0:0:0:1', classMethod='com.yrp.controller.IndexController.index', args=[{}, Page request [number: 0, size 8, sort: updateTime: DESC]]}
2020-09-30 09:09:36.912  WARN 14044 --- [http-nio-80-exec-1] org.hibernate.orm.deprecation            : HHH90000016: Found use of deprecated 'collection property' syntax in HQL/JPQL query [null.size]; use collection function syntax instead [size(null)].
2020-09-30 09:09:36.918  WARN 14044 --- [http-nio-80-exec-1] org.hibernate.orm.deprecation            : HHH90000016: Found use of deprecated 'collection property' syntax in HQL/JPQL query [null.size]; use collection function syntax instead [size(null)].
2020-09-30 09:09:36.923  INFO 14044 --- [http-nio-80-exec-1] com.yrp.aspect.LogAspect                 : 控制器方法名称Result : index
2020-09-30 09:09:37.459  INFO 14044 --- [http-nio-80-exec-2] com.yrp.aspect.LogAspect                 : Request : RequestLog{url='http://localhost/footer/newblog', ip='0:0:0:0:0:0:0:1', classMethod='com.yrp.controller.IndexController.newblos', args=[{}]}
2020-09-30 09:09:37.466  INFO 14044 --- [http-nio-80-exec-2] com.yrp.aspect.LogAspect                 : 控制器方法名称Result : _fragments :: newblogList
2020-09-30 09:10:04.936  INFO 13904 --- [main] com.yrp.BlogApplicationTests             : Starting BlogApplicationTests on yellowhao with PID 13904 (started by Administrator in D:\logback\blog)
2020-09-30 09:10:04.936  INFO 13904 --- [main] com.yrp.BlogApplicationTests             : The following profiles are active: pro
2020-09-30 09:10:08.945  INFO 13904 --- [main] com.yrp.BlogApplicationTests             : Started BlogApplicationTests in 4.329 seconds (JVM running for 4.762)
2020-09-30 09:16:26.310  INFO 13588 --- [main] com.yrp.BlogApplication                  : Starting BlogApplication on yellowhao with PID 13588 (D:\logback\blog\target\classes started by Administrator in D:\logback\blog)
2020-09-30 09:16:26.311  INFO 13588 --- [main] com.yrp.BlogApplication                  : The following profiles are active: pro
2020-09-30 09:16:29.071  INFO 13588 --- [main] com.yrp.BlogApplication                  : Started BlogApplication in 3.003 seconds (JVM running for 3.371)
2020-09-30 09:17:21.174  INFO 13588 --- [http-nio-80-exec-1] com.yrp.aspect.LogAspect                 : Request : RequestLog{url='http://localhost/', ip='0:0:0:0:0:0:0:1', classMethod='com.yrp.controller.IndexController.index', args=[{}, Page request [number: 0, size 8, sort: updateTime: DESC]]}
2020-09-30 09:17:21.225  WARN 13588 --- [http-nio-80-exec-1] org.hibernate.orm.deprecation            : HHH90000016: Found use of deprecated 'collection property' syntax in HQL/JPQL query [null.size]; use collection function syntax instead [size(null)].
2020-09-30 09:17:21.231  WARN 13588 --- [http-nio-80-exec-1] org.hibernate.orm.deprecation            : HHH90000016: Found use of deprecated 'collection property' syntax in HQL/JPQL query [null.size]; use collection function syntax instead [size(null)].
2020-09-30 09:17:21.236  INFO 13588 --- [http-nio-80-exec-1] com.yrp.aspect.LogAspect                 : 控制器方法名称Result : index
2020-09-30 09:17:21.666  INFO 13588 --- [http-nio-80-exec-2] com.yrp.aspect.LogAspect                 : Request : RequestLog{url='http://localhost/footer/newblog', ip='0:0:0:0:0:0:0:1', classMethod='com.yrp.controller.IndexController.newblos', args=[{}]}
2020-09-30 09:17:21.672  INFO 13588 --- [http-nio-80-exec-2] com.yrp.aspect.LogAspect                 : 控制器方法名称Result : _fragments :: newblogList
2020-09-30 09:17:28.716  INFO 13588 --- [http-nio-80-exec-4] com.yrp.aspect.LogAspect                 : Request : RequestLog{url='http://localhost/about', ip='0:0:0:0:0:0:0:1', classMethod='com.yrp.controller.AboutShowController.about', args=[]}
2020-09-30 09:17:28.718  INFO 13588 --- [http-nio-80-exec-4] com.yrp.aspect.LogAspect                 : 控制器方法名称Result : about
2020-09-30 09:17:28.868  INFO 13588 --- [http-nio-80-exec-6] com.yrp.aspect.LogAspect                 : Request : RequestLog{url='http://localhost/footer/newblog', ip='0:0:0:0:0:0:0:1', classMethod='com.yrp.controller.IndexController.newblos', args=[{}]}
2020-09-30 09:17:28.873  INFO 13588 --- [http-nio-80-exec-6] com.yrp.aspect.LogAspect                 : 控制器方法名称Result : _fragments :: newblogList
2020-09-30 10:35:12.002  INFO 14324 --- [main] com.yrp.BlogApplication                  : Starting BlogApplication on yellowhao with PID 14324 (D:\logback\blog\target\classes started by Administrator in D:\logback\blog)
2020-09-30 10:35:12.004  INFO 14324 --- [main] com.yrp.BlogApplication                  : The following profiles are active: pro
2020-09-30 10:35:14.928  INFO 14324 --- [main] com.yrp.BlogApplication                  : Started BlogApplication in 3.274 seconds (JVM running for 4.211)
2020-09-30 10:35:47.708  INFO 14324 --- [http-nio-80-exec-1] com.yrp.aspect.LogAspect                 : Request : RequestLog{url='http://localhost/', ip='0:0:0:0:0:0:0:1', classMethod='com.yrp.controller.IndexController.index', args=[{}, Page request [number: 0, size 8, sort: updateTime: DESC]]}
2020-09-30 10:35:47.762  WARN 14324 --- [http-nio-80-exec-1] org.hibernate.orm.deprecation            : HHH90000016: Found use of deprecated 'collection property' syntax in HQL/JPQL query [null.size]; use collection function syntax instead [size(null)].
2020-09-30 10:35:47.767  WARN 14324 --- [http-nio-80-exec-1] org.hibernate.orm.deprecation            : HHH90000016: Found use of deprecated 'collection property' syntax in HQL/JPQL query [null.size]; use collection function syntax instead [size(null)].
2020-09-30 10:35:47.772  INFO 14324 --- [http-nio-80-exec-1] com.yrp.aspect.LogAspect                 : 控制器方法名称Result : index
2020-09-30 10:35:48.349  INFO 14324 --- [http-nio-80-exec-2] com.yrp.aspect.LogAspect                 : Request : RequestLog{url='http://localhost/footer/newblog', ip='0:0:0:0:0:0:0:1', classMethod='com.yrp.controller.IndexController.newblos', args=[{}]}
2020-09-30 10:35:48.356  INFO 14324 --- [http-nio-80-exec-2] com.yrp.aspect.LogAspect                 : 控制器方法名称Result : _fragments :: newblogList
2020-09-30 10:44:37.370  INFO 15332 --- [main] com.yrp.BlogApplication                  : Starting BlogApplication on yellowhao with PID 15332 (D:\logback\blog\target\classes started by Administrator in D:\logback\blog)
2020-09-30 10:44:37.374  INFO 15332 --- [main] com.yrp.BlogApplication                  : The following profiles are active: pro
2020-09-30 10:44:40.296  INFO 15332 --- [main] com.yrp.BlogApplication                  : Started BlogApplication in 3.169 seconds (JVM running for 3.89)
2020-09-30 10:57:17.584  INFO 7588 --- [main] com.yrp.BlogApplicationTests             : Starting BlogApplicationTests on yellowhao with PID 7588 (started by Administrator in D:\ideaWork\blog\yellowhao_blog)
2020-09-30 10:57:17.584  INFO 7588 --- [main] com.yrp.BlogApplicationTests             : The following profiles are active: pro
2020-09-30 10:57:21.541  INFO 7588 --- [main] com.yrp.BlogApplicationTests             : Started BlogApplicationTests in 4.241 seconds (JVM running for 4.667)
2020-09-30 15:25:53.011  INFO 17932 --- [main] com.yrp.BlogApplicationTests             : Starting BlogApplicationTests on yellowhao with PID 17932 (started by Administrator in D:\ideaWork\blog\yellowhao_blog)
2020-09-30 15:25:53.012  INFO 17932 --- [main] com.yrp.BlogApplicationTests             : The following profiles are active: pro
2020-09-30 15:26:00.410  INFO 17932 --- [main] com.yrp.BlogApplicationTests             : Started BlogApplicationTests in 7.735 seconds (JVM running for 8.229)
2020-09-30 15:30:05.503  INFO 15488 --- [main] com.yrp.BlogApplicationTests             : Starting BlogApplicationTests on yellowhao with PID 15488 (started by Administrator in D:\ideaWork\blog\yellowhao_blog)
2020-09-30 15:30:05.503  INFO 15488 --- [main] com.yrp.BlogApplicationTests             : The following profiles are active: pro
2020-09-30 15:30:13.104  INFO 15488 --- [main] com.yrp.BlogApplicationTests             : Started BlogApplicationTests in 7.9 seconds (JVM running for 8.359)
